<?xml version="1.0" encoding="UTF-8"?>
<!-- Generated by org.testng.reporters.JUnitXMLReporter -->
<testsuite ignored="0" hostname="LAPTOP-7A5PAMPR" failures="1" tests="2" name="Test" time="41.593" errors="0" timestamp="2023-06-09T18:55:24 IST">
  <testcase classname="TestCases.Verify" name="failedlogin" time="0.525">
    <failure type="java.lang.AssertionError" message="The following asserts failed:
	Testfail expected [Please check your  and password. If you still can&amp;apos;t log in, contact your Salesforce administrator.] but found []">
      <![CDATA[java.lang.AssertionError: The following asserts failed:
Testfail expected [Please check your  and password. If you still can't log in, contact your Salesforce administrator.] but found []
at resourses.commonMethods.HandleAssertion(commonMethods.java:19)
at TestCases.Verify.failedlogin(Verify.java:50)
at java.base/java.util.ArrayList.forEach(ArrayList.java:1511)
... Removed 29 stack frames]]>
    </failure>
  </testcase> <!-- failedlogin -->
  <testcase classname="TestCases.verifySignUpPage" name="signUp" time="11.687"/>
</testsuite> <!-- Test -->
